classdojo/app/build/intermediates/manifest_merge_blame_file/release/manifest-merger-blame-release-report.txt
1<?xml version="1.0" encoding="utf-8"?>
2<manifest xmlns:android="http://schemas.android.com/apk/res/android"
3    package="com.example.classdojo"
4    android:versionCode="1"
5    android:versionName="1.0" >
6
7    <uses-sdk
8        android:minSdkVersion="21"
8-->src\main\AndroidManifest.xml
9        android:targetSdkVersion="30" />
9-->src\main\AndroidManifest.xml
10
11    <uses-permission android:name="android.permission.INTERNET" />
11-->src\main\AndroidManifest.xml:5:5-67
11-->src\main\AndroidManifest.xml:5:22-64
12    <uses-permission android:name="android.permission.ACCESS_FINE_LOCATION" />
12-->src\main\AndroidManifest.xml:6:5-79
12-->src\main\AndroidManifest.xml:6:22-76
13    <uses-permission android:name="android.permission.CAMERA" />
13-->[com.opentok.android:opentok-android-sdk:2.15.3] AndroidManifest.xml:9:5-65
13-->[com.opentok.android:opentok-android-sdk:2.15.3] AndroidManifest.xml:9:22-62
14    <uses-permission android:name="android.permission.RECORD_AUDIO" />
14-->[com.opentok.android:opentok-android-sdk:2.15.3] AndroidManifest.xml:11:5-71
14-->[com.opentok.android:opentok-android-sdk:2.15.3] AndroidManifest.xml:11:22-68
15    <uses-permission android:name="android.permission.MODIFY_AUDIO_SETTINGS" />
15-->[com.opentok.android:opentok-android-sdk:2.15.3] AndroidManifest.xml:12:5-80
15-->[com.opentok.android:opentok-android-sdk:2.15.3] AndroidManifest.xml:12:22-77
16    <uses-permission android:name="android.permission.BLUETOOTH" />
16-->[com.opentok.android:opentok-android-sdk:2.15.3] AndroidManifest.xml:13:5-68
16-->[com.opentok.android:opentok-android-sdk:2.15.3] AndroidManifest.xml:13:22-65
17    <uses-permission android:name="android.permission.BROADCAST_STICKY" />
17-->[com.opentok.android:opentok-android-sdk:2.15.3] AndroidManifest.xml:14:5-75
17-->[com.opentok.android:opentok-android-sdk:2.15.3] AndroidManifest.xml:14:22-72
18    <uses-permission android:name="android.permission.READ_PHONE_STATE" />
18-->[com.opentok.android:opentok-android-sdk:2.15.3] AndroidManifest.xml:15:5-75
18-->[com.opentok.android:opentok-android-sdk:2.15.3] AndroidManifest.xml:15:22-72
19
20    <uses-feature android:name="android.hardware.camera" />
20-->[com.opentok.android:opentok-android-sdk:2.15.3] AndroidManifest.xml:17:5-60
20-->[com.opentok.android:opentok-android-sdk:2.15.3] AndroidManifest.xml:17:19-57
21    <uses-feature android:name="android.hardware.camera.autofocus" />
21-->[com.opentok.android:opentok-android-sdk:2.15.3] AndroidManifest.xml:18:5-70
21-->[com.opentok.android:opentok-android-sdk:2.15.3] AndroidManifest.xml:18:19-67
22    <uses-feature
22-->[com.opentok.android:opentok-android-sdk:2.15.3] AndroidManifest.xml:19:5-21:35
23        android:glEsVersion="0x00020000"
23-->[com.opentok.android:opentok-android-sdk:2.15.3] AndroidManifest.xml:20:9-41
24        android:required="true" />
24-->[com.opentok.android:opentok-android-sdk:2.15.3] AndroidManifest.xml:21:9-32
25
26    <uses-permission android:name="android.permission.ACCESS_NETWORK_STATE" />
26-->[com.google.firebase:firebase-analytics:11.8.0] AndroidManifest.xml:24:5-79
26-->[com.google.firebase:firebase-analytics:11.8.0] AndroidManifest.xml:24:22-76
27    <uses-permission android:name="android.permission.WAKE_LOCK" /> <!-- Required by older versions of Google Play services to create IID tokens -->
27-->[com.google.firebase:firebase-analytics:11.8.0] AndroidManifest.xml:25:5-68
27-->[com.google.firebase:firebase-analytics:11.8.0] AndroidManifest.xml:25:22-65
28    <uses-permission android:name="com.google.android.c2dm.permission.RECEIVE" />
28-->[com.google.firebase:firebase-iid:11.8.0] AndroidManifest.xml:26:5-82
28-->[com.google.firebase:firebase-iid:11.8.0] AndroidManifest.xml:26:22-79
29
30    <permission
30-->[com.google.firebase:firebase-iid:11.8.0] AndroidManifest.xml:28:5-30:47
31        android:name="com.example.classdojo.permission.C2D_MESSAGE"
31-->[com.google.firebase:firebase-iid:11.8.0] AndroidManifest.xml:29:9-63
32        android:protectionLevel="signature" />
32-->[com.google.firebase:firebase-iid:11.8.0] AndroidManifest.xml:30:9-44
33
34    <uses-permission android:name="com.example.classdojo.permission.C2D_MESSAGE" />
34-->[com.google.firebase:firebase-iid:11.8.0] AndroidManifest.xml:32:5-79
34-->[com.google.firebase:firebase-iid:11.8.0] AndroidManifest.xml:32:22-76
35
36    <application
36-->src\main\AndroidManifest.xml:8:5-29:19
37        android:allowBackup="true"
37-->src\main\AndroidManifest.xml:9:9-35
38        android:appComponentFactory="androidx.core.app.CoreComponentFactory"
38-->[androidx.core:core:1.3.1] AndroidManifest.xml:24:18-86
39        android:icon="@mipmap/ic_launcher"
39-->src\main\AndroidManifest.xml:10:9-43
40        android:label="@string/app_name"
40-->src\main\AndroidManifest.xml:11:9-41
41        android:roundIcon="@mipmap/ic_launcher_round"
41-->src\main\AndroidManifest.xml:12:9-54
42        android:supportsRtl="true"
42-->src\main\AndroidManifest.xml:13:9-35
43        android:theme="@style/AppTheme" >
43-->src\main\AndroidManifest.xml:14:9-40
44        <activity android:name="com.example.classdojo.VideoChatActivity" />
44-->src\main\AndroidManifest.xml:15:9-55
44-->src\main\AndroidManifest.xml:15:19-52
45        <activity android:name="com.example.classdojo.CallingActivity" />
45-->src\main\AndroidManifest.xml:16:9-53
45-->src\main\AndroidManifest.xml:16:19-50
46        <activity android:name="com.example.classdojo.ProfileActivity" />
46-->src\main\AndroidManifest.xml:17:9-53
46-->src\main\AndroidManifest.xml:17:19-50
47        <activity android:name="com.example.classdojo.FindPeopleActivity" />
47-->src\main\AndroidManifest.xml:18:9-56
47-->src\main\AndroidManifest.xml:18:19-53
48        <activity android:name="com.example.classdojo.NotificationsActivity" />
48-->src\main\AndroidManifest.xml:19:9-59
48-->src\main\AndroidManifest.xml:19:19-56
49        <activity android:name="com.example.classdojo.SettingsActivity" />
49-->src\main\AndroidManifest.xml:20:9-54
49-->src\main\AndroidManifest.xml:20:19-51
50        <activity android:name="com.example.classdojo.RegistrationActivity" >
50-->src\main\AndroidManifest.xml:21:9-27:20
50-->src\main\AndroidManifest.xml:21:19-55
51            <intent-filter>
51-->src\main\AndroidManifest.xml:22:13-26:29
52                <action android:name="android.intent.action.MAIN" />
52-->src\main\AndroidManifest.xml:23:17-69
52-->src\main\AndroidManifest.xml:23:25-66
53
54                <category android:name="android.intent.category.LAUNCHER" />
54-->src\main\AndroidManifest.xml:25:17-77
54-->src\main\AndroidManifest.xml:25:27-74
55            </intent-filter>
56        </activity>
57        <activity android:name="com.example.classdojo.ContactsActivity" />
57-->src\main\AndroidManifest.xml:28:9-54
57-->src\main\AndroidManifest.xml:28:19-51
58        <activity
58-->[pub.devrel:easypermissions:0.4.0] AndroidManifest.xml:12:9-16:66
59            android:name="pub.devrel.easypermissions.AppSettingsDialogHolderActivity"
59-->[pub.devrel:easypermissions:0.4.0] AndroidManifest.xml:13:13-86
60            android:exported="false"
60-->[pub.devrel:easypermissions:0.4.0] AndroidManifest.xml:14:13-37
61            android:label=""
61-->[pub.devrel:easypermissions:0.4.0] AndroidManifest.xml:15:13-29
62            android:theme="@style/EasyPermissions.Transparent" />
62-->[pub.devrel:easypermissions:0.4.0] AndroidManifest.xml:16:13-63
63        <activity
63-->[com.google.firebase:firebase-auth:11.8.0] AndroidManifest.xml:23:9-29:75
64            android:name="com.google.firebase.auth.internal.FederatedSignInActivity"
64-->[com.google.firebase:firebase-auth:11.8.0] AndroidManifest.xml:24:13-85
65            android:excludeFromRecents="true"
65-->[com.google.firebase:firebase-auth:11.8.0] AndroidManifest.xml:25:13-46
66            android:exported="true"
66-->[com.google.firebase:firebase-auth:11.8.0] AndroidManifest.xml:26:13-36
67            android:launchMode="singleInstance"
67-->[com.google.firebase:firebase-auth:11.8.0] AndroidManifest.xml:27:13-48
68            android:permission="com.google.firebase.auth.api.gms.permission.LAUNCH_FEDERATED_SIGN_IN"
68-->[com.google.firebase:firebase-auth:11.8.0] AndroidManifest.xml:28:13-102
69            android:theme="@android:style/Theme.Translucent.NoTitleBar" />
69-->[com.google.firebase:firebase-auth:11.8.0] AndroidManifest.xml:29:13-72
70
71        <provider
71-->[com.squareup.picasso:picasso:2.71828] AndroidManifest.xml:8:9-11:40
72            android:name="com.squareup.picasso.PicassoProvider"
72-->[com.squareup.picasso:picasso:2.71828] AndroidManifest.xml:9:13-64
73            android:authorities="com.example.classdojo.com.squareup.picasso"
73-->[com.squareup.picasso:picasso:2.71828] AndroidManifest.xml:10:13-72
74            android:exported="false" />
74-->[com.squareup.picasso:picasso:2.71828] AndroidManifest.xml:11:13-37
75
76        <receiver
76-->[com.google.firebase:firebase-analytics:11.8.0] AndroidManifest.xml:28:9-32:20
77            android:name="com.google.android.gms.measurement.AppMeasurementReceiver"
77-->[com.google.firebase:firebase-analytics:11.8.0] AndroidManifest.xml:29:13-85
78            android:enabled="true"
78-->[com.google.firebase:firebase-analytics:11.8.0] AndroidManifest.xml:30:13-35
79            android:exported="false" >
79-->[com.google.firebase:firebase-analytics:11.8.0] AndroidManifest.xml:31:13-37
80        </receiver>
81        <receiver
81-->[com.google.firebase:firebase-analytics:11.8.0] AndroidManifest.xml:33:9-41:20
82            android:name="com.google.android.gms.measurement.AppMeasurementInstallReferrerReceiver"
82-->[com.google.firebase:firebase-analytics:11.8.0] AndroidManifest.xml:34:13-100
83            android:enabled="true"
83-->[com.google.firebase:firebase-analytics:11.8.0] AndroidManifest.xml:35:13-35
84            android:exported="true"
84-->[com.google.firebase:firebase-analytics:11.8.0] AndroidManifest.xml:36:13-36
85            android:permission="android.permission.INSTALL_PACKAGES" >
85-->[com.google.firebase:firebase-analytics:11.8.0] AndroidManifest.xml:37:13-69
86            <intent-filter>
86-->[com.google.firebase:firebase-analytics:11.8.0] AndroidManifest.xml:38:13-40:29
87                <action android:name="com.android.vending.INSTALL_REFERRER" />
87-->[com.google.firebase:firebase-analytics:11.8.0] AndroidManifest.xml:39:17-79
87-->[com.google.firebase:firebase-analytics:11.8.0] AndroidManifest.xml:39:25-76
88            </intent-filter>
89        </receiver>
90
91        <service
91-->[com.google.firebase:firebase-analytics:11.8.0] AndroidManifest.xml:43:9-46:40
92            android:name="com.google.android.gms.measurement.AppMeasurementService"
92-->[com.google.firebase:firebase-analytics:11.8.0] AndroidManifest.xml:44:13-84
93            android:enabled="true"
93-->[com.google.firebase:firebase-analytics:11.8.0] AndroidManifest.xml:45:13-35
94            android:exported="false" />
94-->[com.google.firebase:firebase-analytics:11.8.0] AndroidManifest.xml:46:13-37
95        <service
95-->[com.google.firebase:firebase-analytics:11.8.0] AndroidManifest.xml:47:9-51:72
96            android:name="com.google.android.gms.measurement.AppMeasurementJobService"
96-->[com.google.firebase:firebase-analytics:11.8.0] AndroidManifest.xml:48:13-87
97            android:enabled="true"
97-->[com.google.firebase:firebase-analytics:11.8.0] AndroidManifest.xml:49:13-35
98            android:exported="false"
98-->[com.google.firebase:firebase-analytics:11.8.0] AndroidManifest.xml:50:13-37
99            android:permission="android.permission.BIND_JOB_SERVICE" />
99-->[com.google.firebase:firebase-analytics:11.8.0] AndroidManifest.xml:51:13-69
100
101        <receiver
101-->[com.google.firebase:firebase-iid:11.8.0] AndroidManifest.xml:35:9-44:20
102            android:name="com.google.firebase.iid.FirebaseInstanceIdReceiver"
102-->[com.google.firebase:firebase-iid:11.8.0] AndroidManifest.xml:36:13-78
103            android:exported="true"
103-->[com.google.firebase:firebase-iid:11.8.0] AndroidManifest.xml:37:13-36
104            android:permission="com.google.android.c2dm.permission.SEND" >
104-->[com.google.firebase:firebase-iid:11.8.0] AndroidManifest.xml:38:13-73
105            <intent-filter>
105-->[com.google.firebase:firebase-iid:11.8.0] AndroidManifest.xml:39:13-43:29
106                <action android:name="com.google.android.c2dm.intent.RECEIVE" />
106-->[com.google.firebase:firebase-iid:11.8.0] AndroidManifest.xml:40:17-81
106-->[com.google.firebase:firebase-iid:11.8.0] AndroidManifest.xml:40:25-78
107
108                <category android:name="com.example.classdojo" />
108-->[com.google.firebase:firebase-iid:11.8.0] AndroidManifest.xml:42:17-61
108-->[com.google.firebase:firebase-iid:11.8.0] AndroidManifest.xml:42:27-58
109            </intent-filter>
110        </receiver>
111        <!--
112             FirebaseInstanceIdService performs security checks at runtime,
113             no need for explicit permissions despite exported="true"
114        -->
115        <service
115-->[com.google.firebase:firebase-iid:11.8.0] AndroidManifest.xml:50:9-56:19
116            android:name="com.google.firebase.iid.FirebaseInstanceIdService"
116-->[com.google.firebase:firebase-iid:11.8.0] AndroidManifest.xml:51:13-77
117            android:exported="true" >
117-->[com.google.firebase:firebase-iid:11.8.0] AndroidManifest.xml:52:13-36
118            <intent-filter android:priority="-500" >
118-->[com.google.firebase:firebase-iid:11.8.0] AndroidManifest.xml:53:13-55:29
118-->[com.google.firebase:firebase-iid:11.8.0] AndroidManifest.xml:53:28-51
119                <action android:name="com.google.firebase.INSTANCE_ID_EVENT" />
119-->[com.google.firebase:firebase-iid:11.8.0] AndroidManifest.xml:54:17-80
119-->[com.google.firebase:firebase-iid:11.8.0] AndroidManifest.xml:54:25-77
120            </intent-filter>
121        </service>
122
123        <provider
123-->[com.google.firebase:firebase-common:11.8.0] AndroidManifest.xml:8:9-12:39
124            android:name="com.google.firebase.provider.FirebaseInitProvider"
124-->[com.google.firebase:firebase-common:11.8.0] AndroidManifest.xml:9:13-77
125            android:authorities="com.example.classdojo.firebaseinitprovider"
125-->[com.google.firebase:firebase-common:11.8.0] AndroidManifest.xml:10:13-72
126            android:exported="false"
126-->[com.google.firebase:firebase-common:11.8.0] AndroidManifest.xml:11:13-37
127            android:initOrder="100" />
127-->[com.google.firebase:firebase-common:11.8.0] AndroidManifest.xml:12:13-36
128
129        <activity
129-->[com.google.android.gms:play-services-base:11.8.0] AndroidManifest.xml:23:9-26:75
130            android:name="com.google.android.gms.common.api.GoogleApiActivity"
130-->[com.google.android.gms:play-services-base:11.8.0] AndroidManifest.xml:24:13-79
131            android:exported="false"
131-->[com.google.android.gms:play-services-base:11.8.0] AndroidManifest.xml:25:13-37
132            android:theme="@android:style/Theme.Translucent.NoTitleBar" />
132-->[com.google.android.gms:play-services-base:11.8.0] AndroidManifest.xml:26:13-72
133
134        <meta-data
134-->[com.google.android.gms:play-services-basement:11.8.0] AndroidManifest.xml:23:9-25:69
135            android:name="com.google.android.gms.version"
135-->[com.google.android.gms:play-services-basement:11.8.0] AndroidManifest.xml:24:13-58
136            android:value="@integer/google_play_services_version" />
136-->[com.google.android.gms:play-services-basement:11.8.0] AndroidManifest.xml:25:13-66
137    </application>
138
139</manifest>